<?xml version="1.0" encoding="UTF-8"?>
<testng-results skipped="0" failed="0" total="1" passed="1">
  <reporter-output>
  </reporter-output>
  <suite name="Default suite" duration-ms="49134" started-at="2016-11-14T08:36:28Z" finished-at="2016-11-14T08:37:17Z">
    <groups>
    </groups>
    <test name="Default test" duration-ms="49134" started-at="2016-11-14T08:36:28Z" finished-at="2016-11-14T08:37:17Z">
      <class name="example.NewTestXvfb">
        <test-method status="PASS" signature="beforeTest()[pri:0, instance:example.NewTestXvfb@25bbe1b6]" name="beforeTest" is-config="true" duration-ms="5805" started-at="2016-11-14T13:36:28Z" finished-at="2016-11-14T13:36:34Z">
          <reporter-output>
          </reporter-output>
        </test-method> <!-- beforeTest -->
        <test-method status="PASS" signature="beechree()[pri:0, instance:example.NewTestXvfb@25bbe1b6]" name="beechree" duration-ms="43197" started-at="2016-11-14T13:36:34Z" finished-at="2016-11-14T13:37:17Z">
          <reporter-output>
          </reporter-output>
        </test-method> <!-- beechree -->
        <test-method status="PASS" signature="afterTest()[pri:0, instance:example.NewTestXvfb@25bbe1b6]" name="afterTest" is-config="true" duration-ms="106" started-at="2016-11-14T13:37:17Z" finished-at="2016-11-14T13:37:17Z">
          <reporter-output>
          </reporter-output>
        </test-method> <!-- afterTest -->
      </class> <!-- example.NewTestXvfb -->
    </test> <!-- Default test -->
  </suite> <!-- Default suite -->
</testng-results>
